<?xml version="1.0" encoding="UTF-8"?>
<!-- Generated by org.testng.reporters.JUnitXMLReporter -->
<testsuite ignored="0" hostname="LokeshVasikarla" failures="0" tests="4" name="PetStoreUsersTests" time="6.783" errors="0" timestamp="2024-12-12T13:10:23 EST">
  <testcase classname="api.tests.UserTests2" name="testPostUser" time="4.59"/>
  <testcase classname="api.tests.UserTests2" name="testGetUserByName" time="0.309"/>
  <testcase classname="api.tests.UserTests2" name="testUpdateUserByName" time="0.479"/>
  <testcase classname="api.tests.UserTests2" name="testDeleteUserByName" time="0.289"/>
</testsuite> <!-- PetStoreUsersTests -->
