<?xml version="1.0" encoding="UTF-8"?>
<testng-results ignored="0" total="4" passed="4" failed="0" skipped="0">
  <reporter-output>
  </reporter-output>
  <suite started-at="2024-12-12T13:10:16 EST" name="PetStoreUsersSuite" finished-at="2024-12-12T13:10:23 EST" duration-ms="6783">
    <groups>
    </groups>
    <test started-at="2024-12-12T13:10:16 EST" name="PetStoreUsersTests" finished-at="2024-12-12T13:10:23 EST" duration-ms="6783">
      <class name="api.tests.UserTests2">
        <test-method is-config="true" signature="setUp()[pri:0, instance:api.tests.UserTests2@2034b64c]" started-at="2024-12-12T13:10:17 EST" name="setUp" finished-at="2024-12-12T13:10:17 EST" duration-ms="774" status="PASS">
          <reporter-output>
          </reporter-output>
        </test-method> <!-- setUp -->
        <test-method signature="testPostUser()[pri:1, instance:api.tests.UserTests2@2034b64c]" started-at="2024-12-12T13:10:17 EST" name="testPostUser" finished-at="2024-12-12T13:10:22 EST" duration-ms="4590" status="PASS">
          <reporter-output>
          </reporter-output>
        </test-method> <!-- testPostUser -->
        <test-method signature="testGetUserByName()[pri:2, instance:api.tests.UserTests2@2034b64c]" started-at="2024-12-12T13:10:22 EST" name="testGetUserByName" finished-at="2024-12-12T13:10:22 EST" duration-ms="309" status="PASS">
          <reporter-output>
          </reporter-output>
        </test-method> <!-- testGetUserByName -->
        <test-method signature="testUpdateUserByName()[pri:3, instance:api.tests.UserTests2@2034b64c]" started-at="2024-12-12T13:10:22 EST" name="testUpdateUserByName" finished-at="2024-12-12T13:10:23 EST" duration-ms="479" status="PASS">
          <reporter-output>
          </reporter-output>
        </test-method> <!-- testUpdateUserByName -->
        <test-method signature="testDeleteUserByName()[pri:4, instance:api.tests.UserTests2@2034b64c]" started-at="2024-12-12T13:10:23 EST" name="testDeleteUserByName" finished-at="2024-12-12T13:10:23 EST" duration-ms="289" status="PASS">
          <reporter-output>
          </reporter-output>
        </test-method> <!-- testDeleteUserByName -->
      </class> <!-- api.tests.UserTests2 -->
    </test> <!-- PetStoreUsersTests -->
  </suite> <!-- PetStoreUsersSuite -->
</testng-results>
