<?xml version="1.0" encoding="UTF-8"?>
<testng-results ignored="0" total="4" passed="4" failed="0" skipped="0">
  <reporter-output>
  </reporter-output>
  <suite started-at="2024-12-11T13:04:33 EST" name="PetStoreUsersSuite" finished-at="2024-12-11T13:04:39 EST" duration-ms="5347">
    <groups>
    </groups>
    <test started-at="2024-12-11T13:04:33 EST" name="PetStoreUsersTests" finished-at="2024-12-11T13:04:39 EST" duration-ms="5347">
      <class name="api.tests.UserTests2">
        <test-method is-config="true" signature="setUp()[pri:0, instance:api.tests.UserTests2@7bedc48a]" started-at="2024-12-11T13:04:34 EST" name="setUp" finished-at="2024-12-11T13:04:34 EST" duration-ms="807" status="PASS">
          <reporter-output>
          </reporter-output>
        </test-method> <!-- setUp -->
        <test-method signature="testPostUser()[pri:1, instance:api.tests.UserTests2@7bedc48a]" started-at="2024-12-11T13:04:34 EST" name="testPostUser" finished-at="2024-12-11T13:04:37 EST" duration-ms="2885" status="PASS">
          <reporter-output>
          </reporter-output>
        </test-method> <!-- testPostUser -->
        <test-method signature="testGetUserByName()[pri:2, instance:api.tests.UserTests2@7bedc48a]" started-at="2024-12-11T13:04:37 EST" name="testGetUserByName" finished-at="2024-12-11T13:04:38 EST" duration-ms="262" status="PASS">
          <reporter-output>
          </reporter-output>
        </test-method> <!-- testGetUserByName -->
        <test-method signature="testUpdateUserByName()[pri:3, instance:api.tests.UserTests2@7bedc48a]" started-at="2024-12-11T13:04:38 EST" name="testUpdateUserByName" finished-at="2024-12-11T13:04:38 EST" duration-ms="612" status="PASS">
          <reporter-output>
          </reporter-output>
        </test-method> <!-- testUpdateUserByName -->
        <test-method signature="testDeleteUserByName()[pri:4, instance:api.tests.UserTests2@7bedc48a]" started-at="2024-12-11T13:04:38 EST" name="testDeleteUserByName" finished-at="2024-12-11T13:04:39 EST" duration-ms="404" status="PASS">
          <reporter-output>
          </reporter-output>
        </test-method> <!-- testDeleteUserByName -->
      </class> <!-- api.tests.UserTests2 -->
    </test> <!-- PetStoreUsersTests -->
  </suite> <!-- PetStoreUsersSuite -->
</testng-results>
