<?xml version="1.0" encoding="UTF-8"?>
<!-- Generated by org.testng.reporters.JUnitXMLReporter -->
<testsuite ignored="0" hostname="LokeshVasikarla" failures="0" tests="4" name="PetStoreUsersTests" time="5.347" errors="0" timestamp="2024-12-11T13:04:39 EST">
  <testcase classname="api.tests.UserTests2" name="testPostUser" time="2.885"/>
  <testcase classname="api.tests.UserTests2" name="testGetUserByName" time="0.262"/>
  <testcase classname="api.tests.UserTests2" name="testUpdateUserByName" time="0.612"/>
  <testcase classname="api.tests.UserTests2" name="testDeleteUserByName" time="0.404"/>
</testsuite> <!-- PetStoreUsersTests -->
